TN:
SF:App.tsx
FN:6,App
FNF:1
FNH:1
FNDA:2,App
DA:7,2
DA:14,1
LF:2
LH:2
BRF:0
BRH:0
end_of_record
TN:
SF:src/components/atoms/Button.tsx
FN:22,(anonymous_0)
FNF:1
FNH:1
FNDA:15,(anonymous_0)
DA:22,3
DA:23,15
DA:33,3
LF:3
LH:3
BRDA:25,0,0,15
BRDA:25,0,1,15
BRF:2
BRH:2
end_of_record
TN:
SF:src/components/atoms/Product.tsx
FN:14,(anonymous_0)
FN:17,(anonymous_1)
FNF:2
FNH:2
FNDA:12,(anonymous_0)
FNDA:1,(anonymous_1)
DA:14,2
DA:15,12
DA:17,12
DA:18,1
DA:23,12
DA:60,2
LF:6
LH:6
BRDA:45,0,0,6
BRDA:45,0,1,6
BRDA:49,1,0,6
BRDA:49,1,1,6
BRF:4
BRH:4
end_of_record
TN:
SF:src/components/molecules/productList.tsx
FN:9,(anonymous_0)
FN:12,(anonymous_1)
FNF:2
FNH:2
FNDA:7,(anonymous_0)
FNDA:12,(anonymous_1)
DA:9,2
DA:10,7
DA:13,12
DA:19,2
LF:4
LH:4
BRF:0
BRH:0
end_of_record
TN:
SF:src/components/templates/pageTemplate.tsx
FN:15,(anonymous_0)
FNF:1
FNH:1
FNDA:10,(anonymous_0)
DA:15,3
DA:19,10
DA:21,10
DA:25,10
LF:4
LH:4
BRDA:17,0,0,3
BRDA:28,1,0,0
BRDA:28,1,1,10
BRDA:31,2,0,3
BRDA:31,2,1,7
BRF:5
BRH:4
end_of_record
TN:
SF:src/navigation/rootNavigation.tsx
FN:22,(anonymous_0)
FNF:1
FNH:1
FNDA:2,(anonymous_0)
DA:20,2
DA:22,2
DA:23,2
LF:3
LH:3
BRF:0
BRH:0
end_of_record
TN:
SF:src/screens/pointDetail/pointDetail.tsx
FN:10,(anonymous_0)
FN:42,(anonymous_1)
FNF:2
FNH:2
FNDA:3,(anonymous_0)
FNDA:1,(anonymous_1)
DA:10,3
DA:11,3
DA:12,3
DA:13,3
DA:14,3
DA:42,1
DA:50,3
LF:7
LH:7
BRDA:42,0,0,1
BRDA:42,0,1,0
BRF:2
BRH:1
end_of_record
TN:
SF:src/screens/pointWelcome/pointWelcome.skeleton.tsx
FN:5,(anonymous_0)
FNF:1
FNH:1
FNDA:1,(anonymous_0)
DA:5,2
DA:6,1
LF:2
LH:2
BRF:0
BRH:0
end_of_record
TN:
SF:src/screens/pointWelcome/pointWelcome.styleSheet.tsx
FNF:0
FNH:0
DA:4,2
LF:1
LH:1
BRF:0
BRH:0
end_of_record
TN:
SF:src/screens/pointWelcome/pointWelcome.tsx
FN:12,(anonymous_0)
FN:54,(anonymous_1)
FN:59,(anonymous_2)
FN:65,(anonymous_3)
FNF:4
FNH:4
FNDA:8,(anonymous_0)
FNDA:1,(anonymous_1)
FNDA:1,(anonymous_2)
FNDA:1,(anonymous_3)
DA:12,2
DA:14,8
DA:16,8
DA:17,1
DA:20,7
DA:54,1
DA:59,1
DA:65,1
LF:8
LH:8
BRDA:16,0,0,1
BRDA:16,0,1,7
BRDA:49,1,0,5
BRDA:49,1,1,2
BRF:4
BRH:4
end_of_record
TN:
SF:src/screens/pointWelcome/usePointWelcome.hook.tsx
FN:4,(anonymous_0)
FN:8,(anonymous_1)
FN:12,(anonymous_2)
FN:15,(anonymous_3)
FN:23,(anonymous_4)
FN:26,(anonymous_5)
FNF:6
FNH:6
FNDA:8,(anonymous_0)
FNDA:5,(anonymous_1)
FNDA:8,(anonymous_2)
FNDA:4,(anonymous_3)
FNDA:8,(anonymous_4)
FNDA:14,(anonymous_5)
DA:4,2
DA:5,8
DA:6,8
DA:8,8
DA:9,5
DA:12,8
DA:13,8
DA:14,2
DA:16,4
DA:20,6
DA:23,8
DA:24,8
DA:25,8
DA:26,7
DA:27,14
DA:28,7
DA:30,7
DA:33,8
DA:36,8
LF:19
LH:19
BRDA:13,0,0,2
BRDA:13,0,1,6
BRDA:16,1,0,4
BRDA:16,1,1,2
BRDA:16,1,2,3
BRDA:16,1,3,2
BRDA:25,2,0,7
BRDA:25,2,1,1
BRDA:25,3,0,8
BRDA:25,3,1,7
BRDA:27,4,0,7
BRDA:27,4,1,7
BRDA:28,5,0,7
BRDA:28,5,1,0
BRDA:30,6,0,7
BRDA:30,6,1,0
BRF:16
BRH:14
end_of_record
TN:
SF:src/theme/default.ts
FNF:0
FNH:0
DA:1,3
DA:27,3
DA:38,3
LF:3
LH:3
BRF:0
BRH:0
end_of_record
TN:
SF:src/utils/formateDate.ts
FN:6,(anonymous_0)
FN:13,(anonymous_1)
FNF:2
FNH:2
FNDA:15,(anonymous_0)
FNDA:7,(anonymous_1)
DA:3,3
DA:4,3
DA:6,3
DA:7,15
DA:8,9
DA:10,6
DA:13,3
DA:14,7
LF:8
LH:8
BRDA:7,0,0,9
BRDA:7,0,1,6
BRF:2
BRH:2
end_of_record
TN:
SF:src/utils/formatePoint.ts
FN:1,(anonymous_0)
FNF:1
FNH:1
FNDA:22,(anonymous_0)
DA:1,3
DA:2,22
LF:2
LH:2
BRF:0
BRH:0
end_of_record
